c:\working_copy\testsundials\xuniversalmodels\x64\debug\xuniversalmodels.pch
c:\working_copy\testsundials\xuniversalmodels\x64\debug\vc141.pdb
c:\working_copy\testsundials\xuniversalmodels\x64\debug\vc141.idb
c:\working_copy\testsundials\xuniversalmodels\x64\debug\stdafx.obj
c:\working_copy\testsundials\xuniversalmodels\x64\debug\xuniversalmodels.obj
c:\working_copy\testsundials\xuniversalmodels\x64\debug\util.obj
c:\working_copy\testsundials\xuniversalmodels\x64\debug\thermodynamics.obj
c:\working_copy\testsundials\xuniversalmodels\x64\debug\reactioncollection.obj
c:\working_copy\testsundials\xuniversalmodels\x64\debug\reaction.obj
c:\working_copy\testsundials\xuniversalmodels\x64\debug\rapidflash.obj
c:\working_copy\testsundials\xuniversalmodels\x64\debug\odesolver.obj
c:\working_copy\testsundials\xuniversalmodels\x64\debug\flash.obj
c:\working_copy\testsundials\xuniversalmodels\x64\debug\eosflash.obj
c:\working_copy\testsundials\xuniversalmodels\x64\debug\dllmain.obj
c:\working_copy\testsundials\xuniversalmodels\x64\debug\componentcollection.obj
c:\working_copy\testsundials\xuniversalmodels\x64\debug\component.obj
c:\working_copy\testsundials\xuniversalmodels\x64\debug\apithermodynamics.obj
c:\working_copy\testsundials\x64\debug\xuniversalmodels.dll
c:\working_copy\testsundials\x64\debug\xuniversalmodels.ilk
c:\working_copy\testsundials\x64\debug\xuniversalmodels.pdb
c:\working_copy\testsundials\x64\debug\xuniversalmodels.lib
c:\working_copy\testsundials\x64\debug\xuniversalmodels.exp
c:\working_copy\testsundials\xuniversalmodels\x64\debug\xuniversalmodels.tlog\cl.command.1.tlog
c:\working_copy\testsundials\xuniversalmodels\x64\debug\xuniversalmodels.tlog\cl.read.1.tlog
c:\working_copy\testsundials\xuniversalmodels\x64\debug\xuniversalmodels.tlog\cl.write.1.tlog
c:\working_copy\testsundials\xuniversalmodels\x64\debug\xuniversalmodels.tlog\link.command.1.tlog
c:\working_copy\testsundials\xuniversalmodels\x64\debug\xuniversalmodels.tlog\link.read.1.tlog
c:\working_copy\testsundials\xuniversalmodels\x64\debug\xuniversalmodels.tlog\link.write.1.tlog
c:\working_copy\testsundials\xuniversalmodels\x64\debug\xuniversalmodels.tlog\xuniversalmodels.write.1u.tlog
