c:\working_copy\testsundials\xuniversalmodels\x64\release\xuniversalmodels.pch
c:\working_copy\testsundials\xuniversalmodels\x64\release\vc141.pdb
c:\working_copy\testsundials\xuniversalmodels\x64\release\stdafx.obj
c:\working_copy\testsundials\xuniversalmodels\x64\release\xuniversalmodels.obj
c:\working_copy\testsundials\xuniversalmodels\x64\release\util.obj
c:\working_copy\testsundials\xuniversalmodels\x64\release\flash.obj
c:\working_copy\testsundials\xuniversalmodels\x64\release\dllmain.obj
c:\working_copy\testsundials\xuniversalmodels\x64\release\componentcollection.obj
c:\working_copy\testsundials\xuniversalmodels\x64\release\component.obj
c:\working_copy\testsundials\x64\release\xuniversalmodels.dll
c:\working_copy\testsundials\x64\release\xuniversalmodels.pdb
c:\working_copy\testsundials\x64\release\xuniversalmodels.lib
c:\working_copy\testsundials\x64\release\xuniversalmodels.exp
c:\working_copy\testsundials\x64\release\xuniversalmodels.ipdb
c:\working_copy\testsundials\x64\release\xuniversalmodels.iobj
c:\working_copy\testsundials\xuniversalmodels\x64\release\xuniversalmodels.tlog\cl.command.1.tlog
c:\working_copy\testsundials\xuniversalmodels\x64\release\xuniversalmodels.tlog\cl.read.1.tlog
c:\working_copy\testsundials\xuniversalmodels\x64\release\xuniversalmodels.tlog\cl.write.1.tlog
c:\working_copy\testsundials\xuniversalmodels\x64\release\xuniversalmodels.tlog\link.command.1.tlog
c:\working_copy\testsundials\xuniversalmodels\x64\release\xuniversalmodels.tlog\link.read.1.tlog
c:\working_copy\testsundials\xuniversalmodels\x64\release\xuniversalmodels.tlog\link.write.1.tlog
c:\working_copy\testsundials\xuniversalmodels\x64\release\xuniversalmodels.tlog\xuniversalmodels.write.1u.tlog
